# JRE version: Java(TM) SE Runtime Environment (17.0.12+8) (build 17.0.12+8-LTS-286)
# Java VM: Java HotSpot(TM) 64-Bit Server VM (17.0.12+8-LTS-286, mixed mode, sharing, tiered, compressed oops, compressed class ptrs, g1 gc, windows-amd64)
GC Precious Log:
 CPUs: 8 total, 8 available
 Memory: 16279M
 Large Page Support: Disabled
 NUMA Support: Disabled
 Compressed Oops: Enabled (32-bit)
 Heap Region Size: 1M
 Heap Min Capacity: 8M
 Heap Initial Capacity: 256M
 Heap Max Capacity: 2G
 Pre-touch: Disabled
 Parallel Workers: 8
 Concurrent Workers: 2
 Concurrent Refinement Workers: 8
 Periodic GC: Disabled
Heap:
 garbage-first heap   total 211968K, used 127953K [0x0000000080000000, 0x0000000100000000)
  region size 1024K, 23 young (23552K), 6 survivors (6144K)
 Metaspace       used 88707K, committed 89600K, reserved 557056K
  class space    used 12187K, committed 12608K, reserved 425984K
GC Heap History (20 events):
Event: 27.716 GC heap before
{Heap before GC invocations=26 (full 0):
 garbage-first heap   total 112640K, used 69251K [0x0000000080000000, 0x0000000100000000)
  region size 1024K, 5 young (5120K), 2 survivors (2048K)
 Metaspace       used 62290K, committed 62976K, reserved 491520K
  class space    used 8820K, committed 9152K, reserved 425984K
}
Event: 27.718 GC heap after
{Heap after GC invocations=27 (full 0):
 garbage-first heap   total 112640K, used 65824K [0x0000000080000000, 0x0000000100000000)
  region size 1024K, 1 young (1024K), 1 survivors (1024K)
 Metaspace       used 62290K, committed 62976K, reserved 491520K
  class space    used 8820K, committed 9152K, reserved 425984K
}
Event: 28.285 GC heap before
{Heap before GC invocations=27 (full 0):
 garbage-first heap   total 112640K, used 92448K [0x0000000080000000, 0x0000000100000000)
  region size 1024K, 27 young (27648K), 1 survivors (1024K)
 Metaspace       used 63178K, committed 63872K, reserved 491520K
  class space    used 8942K, committed 9280K, reserved 425984K
}
Event: 28.357 GC heap after
{Heap after GC invocations=28 (full 0):
 garbage-first heap   total 211968K, used 68995K [0x0000000080000000, 0x0000000100000000)
  region size 1024K, 4 young (4096K), 4 survivors (4096K)
 Metaspace       used 63178K, committed 63872K, reserved 491520K
  class space    used 8942K, committed 9280K, reserved 425984K
}
Event: 30.540 GC heap before
{Heap before GC invocations=29 (full 0):
 garbage-first heap   total 211968K, used 150915K [0x0000000080000000, 0x0000000100000000)
  region size 1024K, 85 young (87040K), 4 survivors (4096K)
 Metaspace       used 67902K, committed 68672K, reserved 491520K
  class space    used 9604K, committed 9984K, reserved 425984K
}
Event: 30.548 GC heap after
{Heap after GC invocations=30 (full 0):
 garbage-first heap   total 211968K, used 74714K [0x0000000080000000, 0x0000000100000000)
  region size 1024K, 9 young (9216K), 9 survivors (9216K)
 Metaspace       used 67902K, committed 68672K, reserved 491520K
  class space    used 9604K, committed 9984K, reserved 425984K
}
Event: 30.568 GC heap before
{Heap before GC invocations=30 (full 0):
 garbage-first heap   total 211968K, used 75738K [0x0000000080000000, 0x0000000100000000)
  region size 1024K, 10 young (10240K), 9 survivors (9216K)
 Metaspace       used 68036K, committed 68800K, reserved 491520K
  class space    used 9631K, committed 9984K, reserved 425984K
}
Event: 30.574 GC heap after
{Heap after GC invocations=31 (full 0):
 garbage-first heap   total 211968K, used 74690K [0x0000000080000000, 0x0000000100000000)
  region size 1024K, 2 young (2048K), 2 survivors (2048K)
 Metaspace       used 68036K, committed 68800K, reserved 491520K
  class space    used 9631K, committed 9984K, reserved 425984K
}
Event: 44.311 GC heap before
{Heap before GC invocations=31 (full 0):
 garbage-first heap   total 211968K, used 154562K [0x0000000080000000, 0x0000000100000000)
  region size 1024K, 81 young (82944K), 2 survivors (2048K)
 Metaspace       used 75052K, committed 75840K, reserved 557056K
  class space    used 10630K, committed 11008K, reserved 425984K
}
Event: 44.318 GC heap after
{Heap after GC invocations=32 (full 0):
 garbage-first heap   total 211968K, used 80381K [0x0000000080000000, 0x0000000100000000)
  region size 1024K, 7 young (7168K), 7 survivors (7168K)
 Metaspace       used 75052K, committed 75840K, reserved 557056K
  class space    used 10630K, committed 11008K, reserved 425984K
}
Event: 63.900 GC heap before
{Heap before GC invocations=32 (full 0):
 garbage-first heap   total 211968K, used 158205K [0x0000000080000000, 0x0000000100000000)
  region size 1024K, 84 young (86016K), 7 survivors (7168K)
 Metaspace       used 78532K, committed 79424K, reserved 557056K
  class space    used 11007K, committed 11456K, reserved 425984K
}
Event: 63.910 GC heap after
{Heap after GC invocations=33 (full 0):
 garbage-first heap   total 211968K, used 87408K [0x0000000080000000, 0x0000000100000000)
  region size 1024K, 8 young (8192K), 8 survivors (8192K)
 Metaspace       used 78532K, committed 79424K, reserved 557056K
  class space    used 11007K, committed 11456K, reserved 425984K
}
Event: 88.155 GC heap before
{Heap before GC invocations=33 (full 0):
 garbage-first heap   total 211968K, used 161136K [0x0000000080000000, 0x0000000100000000)
  region size 1024K, 81 young (82944K), 8 survivors (8192K)
 Metaspace       used 78851K, committed 79808K, reserved 557056K
  class space    used 11010K, committed 11456K, reserved 425984K
}
Event: 88.163 GC heap after
{Heap after GC invocations=34 (full 0):
 garbage-first heap   total 211968K, used 90172K [0x0000000080000000, 0x0000000100000000)
  region size 1024K, 5 young (5120K), 5 survivors (5120K)
 Metaspace       used 78851K, committed 79808K, reserved 557056K
  class space    used 11010K, committed 11456K, reserved 425984K
}
Event: 92.021 GC heap before
{Heap before GC invocations=34 (full 0):
 garbage-first heap   total 211968K, used 163900K [0x0000000080000000, 0x0000000100000000)
  region size 1024K, 78 young (79872K), 5 survivors (5120K)
 Metaspace       used 78858K, committed 79808K, reserved 557056K
  class space    used 11011K, committed 11456K, reserved 425984K
}
Event: 92.027 GC heap after
{Heap after GC invocations=35 (full 0):
 garbage-first heap   total 211968K, used 91312K [0x0000000080000000, 0x0000000100000000)
  region size 1024K, 6 young (6144K), 6 survivors (6144K)
 Metaspace       used 78858K, committed 79808K, reserved 557056K
  class space    used 11011K, committed 11456K, reserved 425984K
}
Event: 109.183 GC heap before
{Heap before GC invocations=35 (full 0):
 garbage-first heap   total 211968K, used 175280K [0x0000000080000000, 0x0000000100000000)
  region size 1024K, 81 young (82944K), 6 survivors (6144K)
 Metaspace       used 83269K, committed 84224K, reserved 557056K
  class space    used 11513K, committed 11968K, reserved 425984K
}
Event: 109.189 GC heap after
{Heap after GC invocations=36 (full 0):
 garbage-first heap   total 211968K, used 104631K [0x0000000080000000, 0x0000000100000000)
  region size 1024K, 11 young (11264K), 11 survivors (11264K)
 Metaspace       used 83269K, committed 84224K, reserved 557056K
  class space    used 11513K, committed 11968K, reserved 425984K
}
Event: 111.115 GC heap before
{Heap before GC invocations=36 (full 0):
 garbage-first heap   total 211968K, used 174263K [0x0000000080000000, 0x0000000100000000)
  region size 1024K, 74 young (75776K), 11 survivors (11264K)
 Metaspace       used 87619K, committed 88576K, reserved 557056K
  class space    used 12056K, committed 12480K, reserved 425984K
}
Event: 111.125 GC heap after
{Heap after GC invocations=37 (full 0):
 garbage-first heap   total 211968K, used 111569K [0x0000000080000000, 0x0000000100000000)
  region size 1024K, 6 young (6144K), 6 survivors (6144K)
 Metaspace       used 87619K, committed 88576K, reserved 557056K
  class space    used 12056K, committed 12480K, reserved 425984K
}

